[debug] [2024-06-05T19:36:28.908Z] ----------------------------------------------------------------------
[debug] [2024-06-05T19:36:28.914Z] Command:       /usr/local/bin/node /usr/local/bin/firebase init
[debug] [2024-06-05T19:36:28.914Z] CLI Version:   13.11.0
[debug] [2024-06-05T19:36:28.914Z] Platform:      darwin
[debug] [2024-06-05T19:36:28.915Z] Node Version:  v20.11.0
[debug] [2024-06-05T19:36:28.915Z] Time:          Thu Jun 06 2024 01:06:28 GMT+0530 (India Standard Time)
[debug] [2024-06-05T19:36:28.915Z] ----------------------------------------------------------------------
[debug] 
[debug] [2024-06-05T19:36:28.917Z] > command requires scopes: ["email","openid","https://www.googleapis.com/auth/cloudplatformprojects.readonly","https://www.googleapis.com/auth/firebase","https://www.googleapis.com/auth/cloud-platform"]
[debug] [2024-06-05T19:36:28.917Z] > authorizing via signed-in user (shubham2002garg@gmail.com)
[info] 
     ######## #### ########  ######## ########     ###     ######  ########
     ##        ##  ##     ## ##       ##     ##  ##   ##  ##       ##
     ######    ##  ########  ######   ########  #########  ######  ######
     ##        ##  ##    ##  ##       ##     ## ##     ##       ## ##
     ##       #### ##     ## ######## ########  ##     ##  ######  ########

You're about to initialize a Firebase project in this directory:

  /Users/shubhamgarg/Desktop/personal

[info] 
=== Project Setup
[info] 
[info] First, let's associate this project directory with a Firebase project.
[info] You can create multiple project aliases by running firebase use --add, 
[info] but for now we'll just set up a default project.
[info] 
[info] i  If you want to create a project in a Google Cloud organization or folder, please use "firebase projects:create" instead, and return to this command when you've created the project. 
[debug] [2024-06-05T19:37:54.746Z] >>> [apiv2][query] POST https://cloudresourcemanager.googleapis.com/v1/projects [none]
[debug] [2024-06-05T19:37:54.747Z] >>> [apiv2][body] POST https://cloudresourcemanager.googleapis.com/v1/projects {"projectId":"shubh","name":"shubh"}
[debug] [2024-06-05T19:37:56.509Z] <<< [apiv2][status] POST https://cloudresourcemanager.googleapis.com/v1/projects 400
[debug] [2024-06-05T19:37:56.509Z] <<< [apiv2][body] POST https://cloudresourcemanager.googleapis.com/v1/projects {"error":{"code":400,"message":"field [project_id] has issue [project_id must be at least 6 characters long]","status":"INVALID_ARGUMENT","details":[{"@type":"type.googleapis.com/google.rpc.BadRequest","fieldViolations":[{"field":"project_id","description":"project_id must be at least 6 characters long"}]},{"@type":"type.googleapis.com/google.rpc.Help","links":[{"url":"https://cloud.google.com/resource-manager/reference/rest/v1/projects"}]}]}}
[debug] [2024-06-05T19:37:56.659Z] FirebaseError: HTTP Error: 400, field [project_id] has issue [project_id must be at least 6 characters long]
    at responseToError (/usr/local/lib/node_modules/firebase-tools/lib/responseToError.js:49:12)
    at RetryOperation._fn (/usr/local/lib/node_modules/firebase-tools/lib/apiv2.js:305:77)
    at process.processTicksAndRejections (node:internal/process/task_queues:95:5)
[error] 
[error] Error: Failed to create project. See firebase-debug.log for more info.
[debug] [2024-06-05T19:38:00.014Z] ----------------------------------------------------------------------
[debug] [2024-06-05T19:38:00.016Z] Command:       /usr/local/bin/node /usr/local/bin/firebase init
[debug] [2024-06-05T19:38:00.016Z] CLI Version:   13.11.0
[debug] [2024-06-05T19:38:00.016Z] Platform:      darwin
[debug] [2024-06-05T19:38:00.016Z] Node Version:  v20.11.0
[debug] [2024-06-05T19:38:00.016Z] Time:          Thu Jun 06 2024 01:08:00 GMT+0530 (India Standard Time)
[debug] [2024-06-05T19:38:00.016Z] ----------------------------------------------------------------------
[debug] 
[debug] [2024-06-05T19:38:00.018Z] > command requires scopes: ["email","openid","https://www.googleapis.com/auth/cloudplatformprojects.readonly","https://www.googleapis.com/auth/firebase","https://www.googleapis.com/auth/cloud-platform"]
[debug] [2024-06-05T19:38:00.019Z] > authorizing via signed-in user (shubham2002garg@gmail.com)
[info] 
     ######## #### ########  ######## ########     ###     ######  ########
     ##        ##  ##     ## ##       ##     ##  ##   ##  ##       ##
     ######    ##  ########  ######   ########  #########  ######  ######
     ##        ##  ##    ##  ##       ##     ## ##     ##       ## ##
     ##       #### ##     ## ######## ########  ##     ##  ######  ########

You're about to initialize a Firebase project in this directory:

  /Users/shubhamgarg/Desktop/personal

[info] 
=== Project Setup
[info] 
[info] First, let's associate this project directory with a Firebase project.
[info] You can create multiple project aliases by running firebase use --add, 
[info] but for now we'll just set up a default project.
[info] 
[info] i  If you want to create a project in a Google Cloud organization or folder, please use "firebase projects:create" instead, and return to this command when you've created the project. 
[debug] [2024-06-05T19:38:18.307Z] >>> [apiv2][query] POST https://cloudresourcemanager.googleapis.com/v1/projects [none]
[debug] [2024-06-05T19:38:18.307Z] >>> [apiv2][body] POST https://cloudresourcemanager.googleapis.com/v1/projects {"projectId":"shubham","name":"shubham"}
[debug] [2024-06-05T19:38:19.953Z] <<< [apiv2][status] POST https://cloudresourcemanager.googleapis.com/v1/projects 409
[debug] [2024-06-05T19:38:19.953Z] <<< [apiv2][body] POST https://cloudresourcemanager.googleapis.com/v1/projects {"error":{"code":409,"message":"Requested entity already exists","status":"ALREADY_EXISTS"}}
[debug] [2024-06-05T19:38:20.076Z] FirebaseError: HTTP Error: 409, Requested entity already exists
    at responseToError (/usr/local/lib/node_modules/firebase-tools/lib/responseToError.js:49:12)
    at RetryOperation._fn (/usr/local/lib/node_modules/firebase-tools/lib/apiv2.js:305:77)
    at process.processTicksAndRejections (node:internal/process/task_queues:95:5)
[error] 
[error] Error: Failed to create project because there is already a project with ID shubham. Please try again with a unique project ID.
[debug] [2024-06-05T19:38:24.448Z] ----------------------------------------------------------------------
[debug] [2024-06-05T19:38:24.449Z] Command:       /usr/local/bin/node /usr/local/bin/firebase init
[debug] [2024-06-05T19:38:24.450Z] CLI Version:   13.11.0
[debug] [2024-06-05T19:38:24.450Z] Platform:      darwin
[debug] [2024-06-05T19:38:24.450Z] Node Version:  v20.11.0
[debug] [2024-06-05T19:38:24.450Z] Time:          Thu Jun 06 2024 01:08:24 GMT+0530 (India Standard Time)
[debug] [2024-06-05T19:38:24.450Z] ----------------------------------------------------------------------
[debug] 
[debug] [2024-06-05T19:38:24.452Z] > command requires scopes: ["email","openid","https://www.googleapis.com/auth/cloudplatformprojects.readonly","https://www.googleapis.com/auth/firebase","https://www.googleapis.com/auth/cloud-platform"]
[debug] [2024-06-05T19:38:24.453Z] > authorizing via signed-in user (shubham2002garg@gmail.com)
[info] 
     ######## #### ########  ######## ########     ###     ######  ########
     ##        ##  ##     ## ##       ##     ##  ##   ##  ##       ##
     ######    ##  ########  ######   ########  #########  ######  ######
     ##        ##  ##    ##  ##       ##     ## ##     ##       ## ##
     ##       #### ##     ## ######## ########  ##     ##  ######  ########

You're about to initialize a Firebase project in this directory:

  /Users/shubhamgarg/Desktop/personal

[info] 
=== Project Setup
[info] 
[info] First, let's associate this project directory with a Firebase project.
[info] You can create multiple project aliases by running firebase use --add, 
[info] but for now we'll just set up a default project.
[info] 
[info] i  If you want to create a project in a Google Cloud organization or folder, please use "firebase projects:create" instead, and return to this command when you've created the project. 
[debug] [2024-06-05T19:38:49.876Z] >>> [apiv2][query] POST https://cloudresourcemanager.googleapis.com/v1/projects [none]
[debug] [2024-06-05T19:38:49.876Z] >>> [apiv2][body] POST https://cloudresourcemanager.googleapis.com/v1/projects {"projectId":"shubham-proj","name":"shubham-proj"}
[debug] [2024-06-05T19:38:51.431Z] <<< [apiv2][status] POST https://cloudresourcemanager.googleapis.com/v1/projects 409
[debug] [2024-06-05T19:38:51.431Z] <<< [apiv2][body] POST https://cloudresourcemanager.googleapis.com/v1/projects {"error":{"code":409,"message":"Requested entity already exists","status":"ALREADY_EXISTS"}}
[debug] [2024-06-05T19:38:51.556Z] FirebaseError: HTTP Error: 409, Requested entity already exists
    at responseToError (/usr/local/lib/node_modules/firebase-tools/lib/responseToError.js:49:12)
    at RetryOperation._fn (/usr/local/lib/node_modules/firebase-tools/lib/apiv2.js:305:77)
    at process.processTicksAndRejections (node:internal/process/task_queues:95:5)
[error] 
[error] Error: Failed to create project because there is already a project with ID shubham-proj. Please try again with a unique project ID.
[debug] [2024-06-05T19:38:54.820Z] ----------------------------------------------------------------------
[debug] [2024-06-05T19:38:54.822Z] Command:       /usr/local/bin/node /usr/local/bin/firebase init
[debug] [2024-06-05T19:38:54.822Z] CLI Version:   13.11.0
[debug] [2024-06-05T19:38:54.822Z] Platform:      darwin
[debug] [2024-06-05T19:38:54.822Z] Node Version:  v20.11.0
[debug] [2024-06-05T19:38:54.822Z] Time:          Thu Jun 06 2024 01:08:54 GMT+0530 (India Standard Time)
[debug] [2024-06-05T19:38:54.822Z] ----------------------------------------------------------------------
[debug] 
[debug] [2024-06-05T19:38:54.824Z] > command requires scopes: ["email","openid","https://www.googleapis.com/auth/cloudplatformprojects.readonly","https://www.googleapis.com/auth/firebase","https://www.googleapis.com/auth/cloud-platform"]
[debug] [2024-06-05T19:38:54.825Z] > authorizing via signed-in user (shubham2002garg@gmail.com)
[info] 
     ######## #### ########  ######## ########     ###     ######  ########
     ##        ##  ##     ## ##       ##     ##  ##   ##  ##       ##
     ######    ##  ########  ######   ########  #########  ######  ######
     ##        ##  ##    ##  ##       ##     ## ##     ##       ## ##
     ##       #### ##     ## ######## ########  ##     ##  ######  ########

You're about to initialize a Firebase project in this directory:

  /Users/shubhamgarg/Desktop/personal

[info] 
=== Project Setup
[info] 
[info] First, let's associate this project directory with a Firebase project.
[info] You can create multiple project aliases by running firebase use --add, 
[info] but for now we'll just set up a default project.
[info] 
[info] i  If you want to create a project in a Google Cloud organization or folder, please use "firebase projects:create" instead, and return to this command when you've created the project. 
[debug] [2024-06-05T19:39:09.041Z] >>> [apiv2][query] POST https://cloudresourcemanager.googleapis.com/v1/projects [none]
[debug] [2024-06-05T19:39:09.041Z] >>> [apiv2][body] POST https://cloudresourcemanager.googleapis.com/v1/projects {"projectId":"shubh-final-yr-proj","name":"shubh-final-yr-proj"}
[debug] [2024-06-05T19:39:11.325Z] <<< [apiv2][status] POST https://cloudresourcemanager.googleapis.com/v1/projects 200
[debug] [2024-06-05T19:39:11.325Z] <<< [apiv2][body] POST https://cloudresourcemanager.googleapis.com/v1/projects {"name":"operations/cp.5821868509450974959"}
[debug] [2024-06-05T19:39:11.326Z] >>> [apiv2][query] GET https://cloudresourcemanager.googleapis.com/v1/operations/cp.5821868509450974959 [none]
[debug] [2024-06-05T19:39:12.980Z] <<< [apiv2][status] GET https://cloudresourcemanager.googleapis.com/v1/operations/cp.5821868509450974959 200
[debug] [2024-06-05T19:39:12.981Z] <<< [apiv2][body] GET https://cloudresourcemanager.googleapis.com/v1/operations/cp.5821868509450974959 {"name":"operations/cp.5821868509450974959"}
[debug] [2024-06-05T19:39:13.481Z] [Project Creation Poller] Retrying task index 0
[debug] [2024-06-05T19:39:13.481Z] >>> [apiv2][query] GET https://cloudresourcemanager.googleapis.com/v1/operations/cp.5821868509450974959 [none]
[debug] [2024-06-05T19:39:14.047Z] <<< [apiv2][status] GET https://cloudresourcemanager.googleapis.com/v1/operations/cp.5821868509450974959 200
[debug] [2024-06-05T19:39:14.047Z] <<< [apiv2][body] GET https://cloudresourcemanager.googleapis.com/v1/operations/cp.5821868509450974959 {"name":"operations/cp.5821868509450974959","metadata":{"@type":"type.googleapis.com/google.cloudresourcemanager.v1.ProjectCreationStatus","gettable":true}}
[debug] [2024-06-05T19:39:15.047Z] [Project Creation Poller] Retrying task index 0
[debug] [2024-06-05T19:39:15.048Z] >>> [apiv2][query] GET https://cloudresourcemanager.googleapis.com/v1/operations/cp.5821868509450974959 [none]
[debug] [2024-06-05T19:39:15.596Z] <<< [apiv2][status] GET https://cloudresourcemanager.googleapis.com/v1/operations/cp.5821868509450974959 200
[debug] [2024-06-05T19:39:15.596Z] <<< [apiv2][body] GET https://cloudresourcemanager.googleapis.com/v1/operations/cp.5821868509450974959 {"name":"operations/cp.5821868509450974959","metadata":{"@type":"type.googleapis.com/google.cloudresourcemanager.v1.ProjectCreationStatus","gettable":true,"ready":true},"done":true,"response":{"@type":"type.googleapis.com/google.cloudresourcemanager.v1.Project","projectNumber":"165373233779","projectId":"shubh-final-yr-proj","lifecycleState":"ACTIVE","name":"shubh-final-yr-proj","createTime":"2024-06-05T19:39:12.713947Z"}}
[debug] [2024-06-05T19:39:15.597Z] >>> [apiv2][query] POST https://firebase.googleapis.com/v1beta1/projects/shubh-final-yr-proj:addFirebase [none]
[debug] [2024-06-05T19:39:19.203Z] <<< [apiv2][status] POST https://firebase.googleapis.com/v1beta1/projects/shubh-final-yr-proj:addFirebase 200
[debug] [2024-06-05T19:39:19.203Z] <<< [apiv2][body] POST https://firebase.googleapis.com/v1beta1/projects/shubh-final-yr-proj:addFirebase {"name":"operations/workflows/OWQ4NzE2YmItYWZjNi00NmUwLTkwZDQtYjMyYjU4MzQ5NzMz"}
[debug] [2024-06-05T19:39:19.204Z] >>> [apiv2][query] GET https://firebase.googleapis.com/v1beta1/operations/workflows/OWQ4NzE2YmItYWZjNi00NmUwLTkwZDQtYjMyYjU4MzQ5NzMz [none]
[debug] [2024-06-05T19:39:23.307Z] <<< [apiv2][status] GET https://firebase.googleapis.com/v1beta1/operations/workflows/OWQ4NzE2YmItYWZjNi00NmUwLTkwZDQtYjMyYjU4MzQ5NzMz 200
[debug] [2024-06-05T19:39:23.307Z] <<< [apiv2][body] GET https://firebase.googleapis.com/v1beta1/operations/workflows/OWQ4NzE2YmItYWZjNi00NmUwLTkwZDQtYjMyYjU4MzQ5NzMz {"name":"operations/workflows/OWQ4NzE2YmItYWZjNi00NmUwLTkwZDQtYjMyYjU4MzQ5NzMz"}
[debug] [2024-06-05T19:39:23.807Z] [Add Firebase Poller] Retrying task index 0
[debug] [2024-06-05T19:39:23.808Z] >>> [apiv2][query] GET https://firebase.googleapis.com/v1beta1/operations/workflows/OWQ4NzE2YmItYWZjNi00NmUwLTkwZDQtYjMyYjU4MzQ5NzMz [none]
[debug] [2024-06-05T19:39:24.912Z] <<< [apiv2][status] GET https://firebase.googleapis.com/v1beta1/operations/workflows/OWQ4NzE2YmItYWZjNi00NmUwLTkwZDQtYjMyYjU4MzQ5NzMz 200
[debug] [2024-06-05T19:39:24.913Z] <<< [apiv2][body] GET https://firebase.googleapis.com/v1beta1/operations/workflows/OWQ4NzE2YmItYWZjNi00NmUwLTkwZDQtYjMyYjU4MzQ5NzMz {"name":"operations/workflows/OWQ4NzE2YmItYWZjNi00NmUwLTkwZDQtYjMyYjU4MzQ5NzMz"}
[debug] [2024-06-05T19:39:25.915Z] [Add Firebase Poller] Retrying task index 0
[debug] [2024-06-05T19:39:25.915Z] >>> [apiv2][query] GET https://firebase.googleapis.com/v1beta1/operations/workflows/OWQ4NzE2YmItYWZjNi00NmUwLTkwZDQtYjMyYjU4MzQ5NzMz [none]
[debug] [2024-06-05T19:39:27.180Z] <<< [apiv2][status] GET https://firebase.googleapis.com/v1beta1/operations/workflows/OWQ4NzE2YmItYWZjNi00NmUwLTkwZDQtYjMyYjU4MzQ5NzMz 200
[debug] [2024-06-05T19:39:27.180Z] <<< [apiv2][body] GET https://firebase.googleapis.com/v1beta1/operations/workflows/OWQ4NzE2YmItYWZjNi00NmUwLTkwZDQtYjMyYjU4MzQ5NzMz {"name":"operations/workflows/OWQ4NzE2YmItYWZjNi00NmUwLTkwZDQtYjMyYjU4MzQ5NzMz"}
[debug] [2024-06-05T19:39:29.180Z] [Add Firebase Poller] Retrying task index 0
[debug] [2024-06-05T19:39:29.182Z] >>> [apiv2][query] GET https://firebase.googleapis.com/v1beta1/operations/workflows/OWQ4NzE2YmItYWZjNi00NmUwLTkwZDQtYjMyYjU4MzQ5NzMz [none]
[debug] [2024-06-05T19:39:30.194Z] <<< [apiv2][status] GET https://firebase.googleapis.com/v1beta1/operations/workflows/OWQ4NzE2YmItYWZjNi00NmUwLTkwZDQtYjMyYjU4MzQ5NzMz 200
[debug] [2024-06-05T19:39:30.194Z] <<< [apiv2][body] GET https://firebase.googleapis.com/v1beta1/operations/workflows/OWQ4NzE2YmItYWZjNi00NmUwLTkwZDQtYjMyYjU4MzQ5NzMz {"name":"operations/workflows/OWQ4NzE2YmItYWZjNi00NmUwLTkwZDQtYjMyYjU4MzQ5NzMz"}
[debug] [2024-06-05T19:39:34.194Z] [Add Firebase Poller] Retrying task index 0
[debug] [2024-06-05T19:39:34.195Z] >>> [apiv2][query] GET https://firebase.googleapis.com/v1beta1/operations/workflows/OWQ4NzE2YmItYWZjNi00NmUwLTkwZDQtYjMyYjU4MzQ5NzMz [none]
[debug] [2024-06-05T19:39:35.243Z] <<< [apiv2][status] GET https://firebase.googleapis.com/v1beta1/operations/workflows/OWQ4NzE2YmItYWZjNi00NmUwLTkwZDQtYjMyYjU4MzQ5NzMz 200
[debug] [2024-06-05T19:39:35.244Z] <<< [apiv2][body] GET https://firebase.googleapis.com/v1beta1/operations/workflows/OWQ4NzE2YmItYWZjNi00NmUwLTkwZDQtYjMyYjU4MzQ5NzMz {"name":"operations/workflows/OWQ4NzE2YmItYWZjNi00NmUwLTkwZDQtYjMyYjU4MzQ5NzMz","done":true,"response":{"@type":"type.googleapis.com/google.firebase.service.v1beta1.FirebaseProject","projectId":"shubh-final-yr-proj","projectNumber":"165373233779","displayName":"shubh-final-yr-proj","name":"projects/shubh-final-yr-proj","resources":{"hostingSite":"shubh-final-yr-proj"}}}
[info] 
[info] 🎉🎉🎉 Your Firebase project is ready! 🎉🎉🎉
[info] 
[info] Project information:
[info]    - Project ID: shubh-final-yr-proj
[info]    - Project Name: shubh-final-yr-proj
[info] 
[info] Firebase console is available at
[info] https://console.firebase.google.com/project/shubh-final-yr-proj/overview
[info] i  Using project shubh-final-yr-proj (shubh-final-yr-proj) 
[info] 
=== Functions Setup
[debug] [2024-06-05T19:39:35.254Z] > command requires scopes: ["email","openid","https://www.googleapis.com/auth/cloudplatformprojects.readonly","https://www.googleapis.com/auth/firebase","https://www.googleapis.com/auth/cloud-platform"]
[debug] [2024-06-05T19:39:35.255Z] > authorizing via signed-in user (shubham2002garg@gmail.com)
[debug] [2024-06-05T19:39:35.255Z] [iam] checking project shubh-final-yr-proj for permissions ["firebase.projects.get"]
[debug] [2024-06-05T19:39:35.256Z] >>> [apiv2][query] POST https://cloudresourcemanager.googleapis.com/v1/projects/shubh-final-yr-proj:testIamPermissions [none]
[debug] [2024-06-05T19:39:35.256Z] >>> [apiv2][(partial)header] POST https://cloudresourcemanager.googleapis.com/v1/projects/shubh-final-yr-proj:testIamPermissions x-goog-quota-user=projects/shubh-final-yr-proj
[debug] [2024-06-05T19:39:35.256Z] >>> [apiv2][body] POST https://cloudresourcemanager.googleapis.com/v1/projects/shubh-final-yr-proj:testIamPermissions {"permissions":["firebase.projects.get"]}
[debug] [2024-06-05T19:39:37.059Z] <<< [apiv2][status] POST https://cloudresourcemanager.googleapis.com/v1/projects/shubh-final-yr-proj:testIamPermissions 200
[debug] [2024-06-05T19:39:37.059Z] <<< [apiv2][body] POST https://cloudresourcemanager.googleapis.com/v1/projects/shubh-final-yr-proj:testIamPermissions {"permissions":["firebase.projects.get"]}
[debug] [2024-06-05T19:39:37.060Z] >>> [apiv2][query] GET https://serviceusage.googleapis.com/v1/projects/shubh-final-yr-proj/services/cloudfunctions.googleapis.com [none]
[debug] [2024-06-05T19:39:37.060Z] >>> [apiv2][(partial)header] GET https://serviceusage.googleapis.com/v1/projects/shubh-final-yr-proj/services/cloudfunctions.googleapis.com x-goog-quota-user=projects/shubh-final-yr-proj
[debug] [2024-06-05T19:39:37.061Z] >>> [apiv2][query] GET https://serviceusage.googleapis.com/v1/projects/shubh-final-yr-proj/services/runtimeconfig.googleapis.com [none]
[debug] [2024-06-05T19:39:37.061Z] >>> [apiv2][(partial)header] GET https://serviceusage.googleapis.com/v1/projects/shubh-final-yr-proj/services/runtimeconfig.googleapis.com x-goog-quota-user=projects/shubh-final-yr-proj
[debug] [2024-06-05T19:39:38.403Z] <<< [apiv2][status] GET https://serviceusage.googleapis.com/v1/projects/shubh-final-yr-proj/services/runtimeconfig.googleapis.com 200
[debug] [2024-06-05T19:39:38.403Z] <<< [apiv2][body] GET https://serviceusage.googleapis.com/v1/projects/shubh-final-yr-proj/services/runtimeconfig.googleapis.com [omitted]
[debug] [2024-06-05T19:39:39.508Z] <<< [apiv2][status] GET https://serviceusage.googleapis.com/v1/projects/shubh-final-yr-proj/services/cloudfunctions.googleapis.com 200
[debug] [2024-06-05T19:39:39.508Z] <<< [apiv2][body] GET https://serviceusage.googleapis.com/v1/projects/shubh-final-yr-proj/services/cloudfunctions.googleapis.com [omitted]
[debug] [2024-06-05T19:39:39.509Z] >>> [apiv2][query] POST https://serviceusage.googleapis.com/v1/projects/shubh-final-yr-proj/services/cloudfunctions.googleapis.com:enable [none]
[debug] [2024-06-05T19:39:39.509Z] >>> [apiv2][(partial)header] POST https://serviceusage.googleapis.com/v1/projects/shubh-final-yr-proj/services/cloudfunctions.googleapis.com:enable x-goog-quota-user=projects/shubh-final-yr-proj
[debug] [2024-06-05T19:39:40.378Z] <<< [apiv2][status] POST https://serviceusage.googleapis.com/v1/projects/shubh-final-yr-proj/services/cloudfunctions.googleapis.com:enable 200
[debug] [2024-06-05T19:39:40.378Z] <<< [apiv2][body] POST https://serviceusage.googleapis.com/v1/projects/shubh-final-yr-proj/services/cloudfunctions.googleapis.com:enable [omitted]
[debug] [2024-06-05T19:39:50.380Z] >>> [apiv2][query] GET https://serviceusage.googleapis.com/v1/projects/shubh-final-yr-proj/services/cloudfunctions.googleapis.com [none]
[debug] [2024-06-05T19:39:50.381Z] >>> [apiv2][(partial)header] GET https://serviceusage.googleapis.com/v1/projects/shubh-final-yr-proj/services/cloudfunctions.googleapis.com x-goog-quota-user=projects/shubh-final-yr-proj
[debug] [2024-06-05T19:39:52.904Z] <<< [apiv2][status] GET https://serviceusage.googleapis.com/v1/projects/shubh-final-yr-proj/services/cloudfunctions.googleapis.com 200
[debug] [2024-06-05T19:39:52.904Z] <<< [apiv2][body] GET https://serviceusage.googleapis.com/v1/projects/shubh-final-yr-proj/services/cloudfunctions.googleapis.com [omitted]
[info] Let's create a new codebase for your functions.
[info] A directory corresponding to the codebase will be created in your project
[info] with sample code pre-configured.

[info] See https://firebase.google.com/docs/functions/organize-functions for
[info] more information on organizing your functions using codebases.

[info] Functions can be deployed with firebase deploy.

[info] ✔  Wrote functions/requirements.txt 
[info] ✔  Wrote functions/.gitignore 
[info] ✔  Wrote functions/main.py 
[debug] [2024-06-05T19:40:06.512Z] Running command with virtualenv: command=., args=["\"/Users/shubhamgarg/Desktop/personal/functions/venv/bin/activate\"","&&","pip3","install","--upgrade","pip"]
[debug] [2024-06-05T19:40:08.247Z] Running command with virtualenv: command=., args=["\"/Users/shubhamgarg/Desktop/personal/functions/venv/bin/activate\"","&&","python3.12","-m","pip","install","-r","requirements.txt"]
[info] 
=== Hosting Setup
[debug] [2024-06-05T19:40:19.592Z] >>> [apiv2][query] GET https://firebase.googleapis.com/v1beta1/projects/shubh-final-yr-proj [none]
[debug] [2024-06-05T19:40:20.021Z] <<< [apiv2][status] GET https://firebase.googleapis.com/v1beta1/projects/shubh-final-yr-proj 200
[debug] [2024-06-05T19:40:20.022Z] <<< [apiv2][body] GET https://firebase.googleapis.com/v1beta1/projects/shubh-final-yr-proj {"projectId":"shubh-final-yr-proj","projectNumber":"165373233779","displayName":"shubh-final-yr-proj","name":"projects/shubh-final-yr-proj","resources":{"hostingSite":"shubh-final-yr-proj"},"state":"ACTIVE","etag":"1_1f5819b0-cdfb-4161-8431-3beb752dd994"}
[info] 
[info] Your public directory is the folder (relative to your project directory) that
[info] will contain Hosting assets to be uploaded with firebase deploy. If you
[info] have a build process for your assets, use your build's output directory.
[info] 
[info] ✔  Wrote public/404.html 
[debug] [2024-06-05T19:40:38.897Z] >>> [apiv2][query] GET https://www.gstatic.com/firebasejs/releases.json [none]
[debug] [2024-06-05T19:40:39.086Z] <<< [apiv2][status] GET https://www.gstatic.com/firebasejs/releases.json 200
[debug] [2024-06-05T19:40:39.086Z] <<< [apiv2][body] GET https://www.gstatic.com/firebasejs/releases.json {"current":{"version":"10.12.2","browserURL":"https://www.gstatic.com/firebasejs/10.12.2/firebase.js","packageURL":"https://www.gstatic.com/firebasejs/10.12.2/firebase.tgz"},"live":{"version":"10.12","browserURL":"https://www.gstatic.com/firebasejs/live/10.12/firebase.js","packageURL":"https://www.gstatic.com/firebasejs/live/10.12/firebase.tgz"},"components":{"analytics":"https://www.gstatic.com/firebasejs/10.12.2/firebase-analytics.js","app":"https://www.gstatic.com/firebasejs/10.12.2/firebase-app.js","app-check":"https://www.gstatic.com/firebasejs/10.12.2/firebase-app-check.js","auth":"https://www.gstatic.com/firebasejs/10.12.2/firebase-auth.js","auth/cordova":"https://www.gstatic.com/firebasejs/10.12.2/firebase-auth/cordova.js","auth/web-extension":"https://www.gstatic.com/firebasejs/10.12.2/firebase-auth/web-extension.js","functions":"https://www.gstatic.com/firebasejs/10.12.2/firebase-functions.js","firestore":"https://www.gstatic.com/firebasejs/10.12.2/firebase-firestore.js","firestore/lite":"https://www.gstatic.com/firebasejs/10.12.2/firebase-firestore/lite.js","installations":"https://www.gstatic.com/firebasejs/10.12.2/firebase-installations.js","storage":"https://www.gstatic.com/firebasejs/10.12.2/firebase-storage.js","performance":"https://www.gstatic.com/firebasejs/10.12.2/firebase-performance.js","remote-config":"https://www.gstatic.com/firebasejs/10.12.2/firebase-remote-config.js","messaging":"https://www.gstatic.com/firebasejs/10.12.2/firebase-messaging.js","messaging/sw":"https://www.gstatic.com/firebasejs/10.12.2/firebase-messaging/sw.js","database":"https://www.gstatic.com/firebasejs/10.12.2/firebase-database.js","vertexai-preview":"https://www.gstatic.com/firebasejs/10.12.2/firebase-vertexai-preview.js","firestore.memory":"https://www.gstatic.com/firebasejs/10.12.2/firebase-firestore.memory.js"}}
[info] ✔  Wrote public/index.html 
[info] 
[info] i  Didn't detect a .git folder. Assuming /Users/shubhamgarg/Desktop/personal is the project root. 
[info] i  Authorizing with GitHub to upload your service account to a GitHub repository's secrets store. 
[info] 
[info] Visit this URL on this device to log in:
[info] https://github.com/login/oauth/authorize?client_id=89cf50f02ac6aaed3484&state=769610586&redirect_uri=http%3A%2F%2Flocalhost%3A9005&scope=read%3Auser%20repo%20public_repo
[info] 
[info] Waiting for authentication...
[debug] [2024-06-05T19:40:39.713Z] >>> [apiv2][query] POST https://github.com/login/oauth/access_token [none]
[debug] [2024-06-05T19:40:39.714Z] >>> [apiv2][body] POST https://github.com/login/oauth/access_token [stream]
[debug] [2024-06-05T19:40:40.161Z] <<< [apiv2][status] POST https://github.com/login/oauth/access_token 200
[debug] [2024-06-05T19:40:40.161Z] <<< [apiv2][body] POST https://github.com/login/oauth/access_token {"access_token":"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","token_type":"bearer","scope":"read:user,repo"}
[debug] [2024-06-05T19:40:40.176Z] >>> [apiv2][query] GET https://api.github.com/user [none]
[debug] [2024-06-05T19:40:40.585Z] <<< [apiv2][status] GET https://api.github.com/user 200
[debug] [2024-06-05T19:40:40.585Z] <<< [apiv2][body] GET https://api.github.com/user {"login":"xxshubhamxx","id":74714209,"node_id":"MDQ6VXNlcjc0NzE0MjA5","avatar_url":"https://avatars.githubusercontent.com/u/74714209?v=4","gravatar_id":"","url":"https://api.github.com/users/xxshubhamxx","html_url":"https://github.com/xxshubhamxx","followers_url":"https://api.github.com/users/xxshubhamxx/followers","following_url":"https://api.github.com/users/xxshubhamxx/following{/other_user}","gists_url":"https://api.github.com/users/xxshubhamxx/gists{/gist_id}","starred_url":"https://api.github.com/users/xxshubhamxx/starred{/owner}{/repo}","subscriptions_url":"https://api.github.com/users/xxshubhamxx/subscriptions","organizations_url":"https://api.github.com/users/xxshubhamxx/orgs","repos_url":"https://api.github.com/users/xxshubhamxx/repos","events_url":"https://api.github.com/users/xxshubhamxx/events{/privacy}","received_events_url":"https://api.github.com/users/xxshubhamxx/received_events","type":"User","site_admin":false,"name":"Shubham Garg","company":"@BrowserStack","blog":"","location":"Bangalore","email":null,"hireable":null,"bio":"A tech enthusiast exploring this vast world of programming. I have a good grip on C, C++, Python, HTML, CSS, and JS","twitter_username":null,"public_repos":16,"public_gists":0,"followers":2,"following":0,"created_at":"2020-11-19T11:32:49Z","updated_at":"2024-06-03T12:22:15Z","private_gists":1,"total_private_repos":23,"owned_private_repos":23,"disk_usage":1812260,"collaborators":18,"two_factor_authentication":true,"plan":{"name":"pro","space":976562499,"collaborators":0,"private_repos":9999}}
[info] 
[info] ✔  Success! Logged into GitHub as xxshubhamxx 
[info] 
